#
# There is insufficient memory for the Java Runtime Environment to continue.
# Native memory allocation (malloc) failed to allocate 1719712 bytes. Error detail: Chunk::new
# Possible reasons:
#   The system is out of physical RAM or swap space
#   This process is running with CompressedOops enabled, and the Java Heap may be blocking the growth of the native heap
# Possible solutions:
#   Reduce memory load on the system
#   Increase physical memory or swap space
#   Check if swap backing store is full
#   Decrease Java heap size (-Xmx/-Xms)
#   Decrease number of Java threads
#   Decrease Java thread stack sizes (-Xss)
#   Set larger code cache with -XX:ReservedCodeCacheSize=
#   JVM is running with Unscaled Compressed Oops mode in which the Java heap is
#     placed in the first 4GB address space. The Java Heap base address is the
#     maximum limit for the native heap growth. Please use -XX:HeapBaseMinAddress
#     to set the Java Heap base and to place the Java Heap above 4GB virtual address.
# This output file may be truncated or incomplete.
#
#  Out of Memory Error (arena.cpp:168), pid=20736, tid=18760
#
# JRE version: OpenJDK Runtime Environment (21.0.3) (build 21.0.3+-12282718-b509.11)
# Java VM: OpenJDK 64-Bit Server VM (21.0.3+-12282718-b509.11, mixed mode, tiered, compressed oops, compressed class ptrs, g1 gc, windows-amd64)
# No core dump will be written. Minidumps are not enabled by default on client versions of Windows
#

---------------  S U M M A R Y ------------

Command Line: --add-opens=java.base/java.util=ALL-UNNAMED --add-opens=java.base/java.lang=ALL-UNNAMED --add-opens=java.base/java.lang.invoke=ALL-UNNAMED --add-opens=java.prefs/java.util.prefs=ALL-UNNAMED --add-exports=jdk.compiler/com.sun.tools.javac.api=ALL-UNNAMED --add-exports=jdk.compiler/com.sun.tools.javac.util=ALL-UNNAMED --add-opens=java.base/java.nio.charset=ALL-UNNAMED --add-opens=java.base/java.net=ALL-UNNAMED --add-opens=java.base/java.util.concurrent.atomic=ALL-UNNAMED -Xmx2048m -Dfile.encoding=UTF-8 -Duser.country=IN -Duser.language=en -Duser.variant -javaagent:C:\Users\kasth\.gradle\wrapper\dists\gradle-8.9-bin\90cnw93cvbtalezasaz0blq0a\gradle-8.9\lib\agents\gradle-instrumentation-agent-8.9.jar org.gradle.launcher.daemon.bootstrap.GradleDaemon 8.9

Host: AMD Ryzen 5 5500U with Radeon Graphics         , 12 cores, 5G,  Windows 11 , 64 bit Build 22621 (10.0.22621.3958)
Time: Thu Nov 21 12:42:22 2024 India Standard Time elapsed time: 4.527947 seconds (0d 0h 0m 4s)

---------------  T H R E A D  ---------------

Current thread (0x000001ef5ebaf340):  JavaThread "C2 CompilerThread0" daemon [_thread_in_native, id=18760, stack(0x00000004a6600000,0x00000004a6700000) (1024K)]


Current CompileTask:
C2:   4528 2616       4       java.lang.invoke.MethodType::makeImpl (109 bytes)

Stack: [0x00000004a6600000,0x00000004a6700000]
Native frames: (J=compiled Java code, j=interpreted, Vv=VM code, C=native code)
V  [jvm.dll+0x6cafb9]
V  [jvm.dll+0x858523]
V  [jvm.dll+0x85aa7e]
V  [jvm.dll+0x85b163]
V  [jvm.dll+0x27d356]
V  [jvm.dll+0xbf93d]
V  [jvm.dll+0xbfe73]
V  [jvm.dll+0x3b1ceb]
V  [jvm.dll+0x37e787]
V  [jvm.dll+0x37dbfa]
V  [jvm.dll+0x246b02]
V  [jvm.dll+0x2460d1]
V  [jvm.dll+0x1c5804]
V  [jvm.dll+0x25575c]
V  [jvm.dll+0x253c36]
V  [jvm.dll+0x3ec996]
V  [jvm.dll+0x800d78]
V  [jvm.dll+0x6c98cd]
C  [ucrtbase.dll+0x29333]
C  [KERNEL32.DLL+0x1257d]
C  [ntdll.dll+0x5af08]


---------------  P R O C E S S  ---------------

Threads class SMR info:
_java_thread_list=0x000001ef64a118c0, length=24, elements={
0x000001ef44bffcf0, 0x000001ef5eba2900, 0x000001ef5eba3dd0, 0x000001ef5eb8f840,
0x000001ef5eb8feb0, 0x000001ef5eb8b7e0, 0x000001ef5eb8c240, 0x000001ef5ebaf340,
0x000001ef5ebb05f0, 0x000001ef5ed190f0, 0x000001ef5eeeef30, 0x000001ef64739310,
0x000001ef65926490, 0x000001ef64d2d460, 0x000001ef668c6b30, 0x000001ef668c33f0,
0x000001ef64b02080, 0x000001ef64b041e0, 0x000001ef6482ebc0, 0x000001ef6482caf0,
0x000001ef6482d810, 0x000001ef6482e530, 0x000001ef6482f250, 0x000001ef6482d180
}

Java Threads: ( => current thread )
  0x000001ef44bffcf0 JavaThread "main"                              [_thread_blocked, id=13600, stack(0x00000004a5800000,0x00000004a5900000) (1024K)]
  0x000001ef5eba2900 JavaThread "Reference Handler"          daemon [_thread_blocked, id=22768, stack(0x00000004a6000000,0x00000004a6100000) (1024K)]
  0x000001ef5eba3dd0 JavaThread "Finalizer"                  daemon [_thread_blocked, id=17520, stack(0x00000004a6100000,0x00000004a6200000) (1024K)]
  0x000001ef5eb8f840 JavaThread "Signal Dispatcher"          daemon [_thread_blocked, id=14468, stack(0x00000004a6200000,0x00000004a6300000) (1024K)]
  0x000001ef5eb8feb0 JavaThread "Attach Listener"            daemon [_thread_blocked, id=20240, stack(0x00000004a6300000,0x00000004a6400000) (1024K)]
  0x000001ef5eb8b7e0 JavaThread "Service Thread"             daemon [_thread_blocked, id=10628, stack(0x00000004a6400000,0x00000004a6500000) (1024K)]
  0x000001ef5eb8c240 JavaThread "Monitor Deflation Thread"   daemon [_thread_blocked, id=12628, stack(0x00000004a6500000,0x00000004a6600000) (1024K)]
=>0x000001ef5ebaf340 JavaThread "C2 CompilerThread0"         daemon [_thread_in_native, id=18760, stack(0x00000004a6600000,0x00000004a6700000) (1024K)]
  0x000001ef5ebb05f0 JavaThread "C1 CompilerThread0"         daemon [_thread_blocked, id=20968, stack(0x00000004a6700000,0x00000004a6800000) (1024K)]
  0x000001ef5ed190f0 JavaThread "Common-Cleaner"             daemon [_thread_blocked, id=10056, stack(0x00000004a6800000,0x00000004a6900000) (1024K)]
  0x000001ef5eeeef30 JavaThread "Notification Thread"        daemon [_thread_blocked, id=18476, stack(0x00000004a6900000,0x00000004a6a00000) (1024K)]
  0x000001ef64739310 JavaThread "Daemon health stats"               [_thread_blocked, id=5068, stack(0x00000004a6e00000,0x00000004a6f00000) (1024K)]
  0x000001ef65926490 JavaThread "Incoming local TCP Connector on port 55850"        [_thread_in_native, id=6656, stack(0x00000004a6f00000,0x00000004a7000000) (1024K)]
  0x000001ef64d2d460 JavaThread "Daemon periodic checks"            [_thread_blocked, id=10512, stack(0x00000004a7500000,0x00000004a7600000) (1024K)]
  0x000001ef668c6b30 JavaThread "Daemon"                            [_thread_blocked, id=3552, stack(0x00000004a7600000,0x00000004a7700000) (1024K)]
  0x000001ef668c33f0 JavaThread "Handler for socket connection from /127.0.0.1:55850 to /127.0.0.1:55851"        [_thread_in_native, id=10892, stack(0x00000004a7700000,0x00000004a7800000) (1024K)]
  0x000001ef64b02080 JavaThread "Cancel handler"                    [_thread_blocked, id=16928, stack(0x00000004a7800000,0x00000004a7900000) (1024K)]
  0x000001ef64b041e0 JavaThread "Daemon worker"                     [_thread_in_vm, id=15808, stack(0x00000004a7900000,0x00000004a7a00000) (1024K)]
  0x000001ef6482ebc0 JavaThread "Asynchronous log dispatcher for DefaultDaemonConnection: socket connection from /127.0.0.1:55850 to /127.0.0.1:55851"        [_thread_blocked, id=21312, stack(0x00000004a7a00000,0x00000004a7b00000) (1024K)]
  0x000001ef6482caf0 JavaThread "Stdin handler"                     [_thread_blocked, id=16912, stack(0x00000004a7b00000,0x00000004a7c00000) (1024K)]
  0x000001ef6482d810 JavaThread "Daemon client event forwarder"        [_thread_blocked, id=10232, stack(0x00000004a7c00000,0x00000004a7d00000) (1024K)]
  0x000001ef6482e530 JavaThread "Cache worker for journal cache (C:\Users\kasth\.gradle\caches\journal-1)"        [_thread_blocked, id=14332, stack(0x00000004a7f00000,0x00000004a8000000) (1024K)]
  0x000001ef6482f250 JavaThread "File lock request listener"        [_thread_in_native, id=18660, stack(0x00000004a8000000,0x00000004a8100000) (1024K)]
  0x000001ef6482d180 JavaThread "Cache worker for file hash cache (C:\Users\kasth\.gradle\caches\8.9\fileHashes)"        [_thread_blocked, id=16876, stack(0x00000004a8100000,0x00000004a8200000) (1024K)]
Total: 24

Other Threads:
  0x000001ef5e9ca3e0 VMThread "VM Thread"                           [id=17256, stack(0x00000004a5f00000,0x00000004a6000000) (1024K)]
  0x000001ef5e96e430 WatcherThread "VM Periodic Task Thread"        [id=18076, stack(0x00000004a5e00000,0x00000004a5f00000) (1024K)]
  0x000001ef46eef610 WorkerThread "GC Thread#0"                     [id=16064, stack(0x00000004a5900000,0x00000004a5a00000) (1024K)]
  0x000001ef63453240 WorkerThread "GC Thread#1"                     [id=5508, stack(0x00000004a6a00000,0x00000004a6b00000) (1024K)]
  0x000001ef633c1c30 WorkerThread "GC Thread#2"                     [id=22688, stack(0x00000004a6b00000,0x00000004a6c00000) (1024K)]
  0x000001ef633c02d0 WorkerThread "GC Thread#3"                     [id=11680, stack(0x00000004a6c00000,0x00000004a6d00000) (1024K)]
  0x000001ef633c0a10 WorkerThread "GC Thread#4"                     [id=3652, stack(0x00000004a6d00000,0x00000004a6e00000) (1024K)]
  0x000001ef633c0670 WorkerThread "GC Thread#5"                     [id=21776, stack(0x00000004a7000000,0x00000004a7100000) (1024K)]
  0x000001ef633c1890 WorkerThread "GC Thread#6"                     [id=13576, stack(0x00000004a7100000,0x00000004a7200000) (1024K)]
  0x000001ef64b486d0 WorkerThread "GC Thread#7"                     [id=1456, stack(0x00000004a7200000,0x00000004a7300000) (1024K)]
  0x000001ef64b49550 WorkerThread "GC Thread#8"                     [id=14944, stack(0x00000004a7300000,0x00000004a7400000) (1024K)]
  0x000001ef64b47110 WorkerThread "GC Thread#9"                     [id=16188, stack(0x00000004a7400000,0x00000004a7500000) (1024K)]
  0x000001ef46f005f0 ConcurrentGCThread "G1 Main Marker"            [id=6756, stack(0x00000004a5a00000,0x00000004a5b00000) (1024K)]
  0x000001ef46f01260 WorkerThread "G1 Conc#0"                       [id=19620, stack(0x00000004a5b00000,0x00000004a5c00000) (1024K)]
  0x000001ef64b48a70 WorkerThread "G1 Conc#1"                       [id=20184, stack(0x00000004a7d00000,0x00000004a7e00000) (1024K)]
  0x000001ef64b48330 WorkerThread "G1 Conc#2"                       [id=15724, stack(0x00000004a7e00000,0x00000004a7f00000) (1024K)]
  0x000001ef5e841ce0 ConcurrentGCThread "G1 Refine#0"               [id=6292, stack(0x00000004a5c00000,0x00000004a5d00000) (1024K)]
  0x000001ef5e842850 ConcurrentGCThread "G1 Service"                [id=16420, stack(0x00000004a5d00000,0x00000004a5e00000) (1024K)]
Total: 18

Threads with active compile tasks:
C2 CompilerThread0     4567 2616       4       java.lang.invoke.MethodType::makeImpl (109 bytes)
Total: 1

VM state: not at safepoint (normal execution)

VM Mutex/Monitor currently owned by a thread: None

Heap address: 0x0000000080000000, size: 2048 MB, Compressed Oops mode: 32-bit

CDS archive(s) not mapped
Compressed class space mapped at: 0x0000000100000000-0x0000000140000000, reserved size: 1073741824
Narrow klass base: 0x0000000000000000, Narrow klass shift: 3, Narrow klass range: 0x140000000

GC Precious Log:
 CardTable entry size: 512
 Card Set container configuration: InlinePtr #cards 5 size 8 Array Of Cards #cards 12 size 40 Howl #buckets 4 coarsen threshold 1843 Howl Bitmap #cards 512 size 80 coarsen threshold 460 Card regions per heap region 1 cards per card region 2048
 CPUs: 12 total, 12 available
 Memory: 5989M
 Large Page Support: Disabled
 NUMA Support: Disabled
 Compressed Oops: Enabled (32-bit)
 Heap Region Size: 1M
 Heap Min Capacity: 8M
 Heap Initial Capacity: 94M
 Heap Max Capacity: 2G
 Pre-touch: Disabled
 Parallel Workers: 10
 Concurrent Workers: 3
 Concurrent Refinement Workers: 10
 Periodic GC: Disabled

Heap:
 garbage-first heap   total 78848K, used 49787K [0x0000000080000000, 0x0000000100000000)
  region size 1024K, 32 young (32768K), 2 survivors (2048K)
 Metaspace       used 26497K, committed 27008K, reserved 1114112K
  class space    used 3284K, committed 3520K, reserved 1048576K

Heap Regions: E=young(eden), S=young(survivor), O=old, HS=humongous(starts), HC=humongous(continues), CS=collection set, F=free, TAMS=top-at-mark-start, PB=parsable bottom
|   0|0x0000000080000000, 0x0000000080100000, 0x0000000080100000|100%|HS|  |TAMS 0x0000000080000000| PB 0x0000000080000000| Complete 
|   1|0x0000000080100000, 0x0000000080200000, 0x0000000080200000|100%|HC|  |TAMS 0x0000000080100000| PB 0x0000000080100000| Complete 
|   2|0x0000000080200000, 0x0000000080300000, 0x0000000080300000|100%|HC|  |TAMS 0x0000000080200000| PB 0x0000000080200000| Complete 
|   3|0x0000000080300000, 0x0000000080400000, 0x0000000080400000|100%|HC|  |TAMS 0x0000000080300000| PB 0x0000000080300000| Complete 
|   4|0x0000000080400000, 0x0000000080500000, 0x0000000080500000|100%| O|  |TAMS 0x0000000080400000| PB 0x0000000080400000| Untracked 
|   5|0x0000000080500000, 0x0000000080600000, 0x0000000080600000|100%| O|  |TAMS 0x0000000080500000| PB 0x0000000080500000| Untracked 
|   6|0x0000000080600000, 0x0000000080700000, 0x0000000080700000|100%| O|  |TAMS 0x0000000080600000| PB 0x0000000080600000| Untracked 
|   7|0x0000000080700000, 0x0000000080800000, 0x0000000080800000|100%| O|  |TAMS 0x0000000080700000| PB 0x0000000080700000| Untracked 
|   8|0x0000000080800000, 0x0000000080900000, 0x0000000080900000|100%| O|  |TAMS 0x0000000080800000| PB 0x0000000080800000| Untracked 
|   9|0x0000000080900000, 0x0000000080a00000, 0x0000000080a00000|100%| O|  |TAMS 0x0000000080900000| PB 0x0000000080900000| Untracked 
|  10|0x0000000080a00000, 0x0000000080b00000, 0x0000000080b00000|100%|HS|  |TAMS 0x0000000080a00000| PB 0x0000000080a00000| Complete 
|  11|0x0000000080b00000, 0x0000000080c00000, 0x0000000080c00000|100%| O|  |TAMS 0x0000000080b00000| PB 0x0000000080b00000| Untracked 
|  12|0x0000000080c00000, 0x0000000080d00000, 0x0000000080d00000|100%| O|  |TAMS 0x0000000080c00000| PB 0x0000000080c00000| Untracked 
|  13|0x0000000080d00000, 0x0000000080e00000, 0x0000000080e00000|100%| O|  |TAMS 0x0000000080d00000| PB 0x0000000080d00000| Untracked 
|  14|0x0000000080e00000, 0x0000000080f00000, 0x0000000080f00000|100%| O|  |TAMS 0x0000000080e00000| PB 0x0000000080e00000| Untracked 
|  15|0x0000000080f00000, 0x0000000081000000, 0x0000000081000000|100%| O|  |TAMS 0x0000000080f00000| PB 0x0000000080f00000| Untracked 
|  16|0x0000000081000000, 0x0000000081100000, 0x0000000081100000|100%| O|  |TAMS 0x0000000081000000| PB 0x0000000081000000| Untracked 
|  17|0x0000000081100000, 0x0000000081200000, 0x0000000081200000|100%| O|  |TAMS 0x0000000081100000| PB 0x0000000081100000| Untracked 
|  18|0x0000000081200000, 0x0000000081300000, 0x0000000081300000|100%| O|  |TAMS 0x0000000081200000| PB 0x0000000081200000| Untracked 
|  19|0x0000000081300000, 0x000000008134a670, 0x0000000081400000| 29%| O|Cm|TAMS 0x0000000081300000| PB 0x0000000081300000| Complete 
|  20|0x0000000081400000, 0x0000000081400000, 0x0000000081500000|  0%| F|  |TAMS 0x0000000081400000| PB 0x0000000081400000| Untracked 
|  21|0x0000000081500000, 0x0000000081500000, 0x0000000081600000|  0%| F|  |TAMS 0x0000000081500000| PB 0x0000000081500000| Untracked 
|  22|0x0000000081600000, 0x0000000081600000, 0x0000000081700000|  0%| F|  |TAMS 0x0000000081600000| PB 0x0000000081600000| Untracked 
|  23|0x0000000081700000, 0x0000000081700000, 0x0000000081800000|  0%| F|  |TAMS 0x0000000081700000| PB 0x0000000081700000| Untracked 
|  24|0x0000000081800000, 0x0000000081800000, 0x0000000081900000|  0%| F|  |TAMS 0x0000000081800000| PB 0x0000000081800000| Untracked 
|  25|0x0000000081900000, 0x0000000081900000, 0x0000000081a00000|  0%| F|  |TAMS 0x0000000081900000| PB 0x0000000081900000| Untracked 
|  26|0x0000000081a00000, 0x0000000081a00000, 0x0000000081b00000|  0%| F|  |TAMS 0x0000000081a00000| PB 0x0000000081a00000| Untracked 
|  27|0x0000000081b00000, 0x0000000081b00000, 0x0000000081c00000|  0%| F|  |TAMS 0x0000000081b00000| PB 0x0000000081b00000| Untracked 
|  28|0x0000000081c00000, 0x0000000081c00000, 0x0000000081d00000|  0%| F|  |TAMS 0x0000000081c00000| PB 0x0000000081c00000| Untracked 
|  29|0x0000000081d00000, 0x0000000081d00000, 0x0000000081e00000|  0%| F|  |TAMS 0x0000000081d00000| PB 0x0000000081d00000| Untracked 
|  30|0x0000000081e00000, 0x0000000081e00000, 0x0000000081f00000|  0%| F|  |TAMS 0x0000000081e00000| PB 0x0000000081e00000| Untracked 
|  31|0x0000000081f00000, 0x0000000081f00000, 0x0000000082000000|  0%| F|  |TAMS 0x0000000081f00000| PB 0x0000000081f00000| Untracked 
|  32|0x0000000082000000, 0x0000000082000000, 0x0000000082100000|  0%| F|  |TAMS 0x0000000082000000| PB 0x0000000082000000| Untracked 
|  33|0x0000000082100000, 0x0000000082100000, 0x0000000082200000|  0%| F|  |TAMS 0x0000000082100000| PB 0x0000000082100000| Untracked 
|  34|0x0000000082200000, 0x0000000082200000, 0x0000000082300000|  0%| F|  |TAMS 0x0000000082200000| PB 0x0000000082200000| Untracked 
|  35|0x0000000082300000, 0x0000000082300000, 0x0000000082400000|  0%| F|  |TAMS 0x0000000082300000| PB 0x0000000082300000| Untracked 
|  36|0x0000000082400000, 0x0000000082400000, 0x0000000082500000|  0%| F|  |TAMS 0x0000000082400000| PB 0x0000000082400000| Untracked 
|  37|0x0000000082500000, 0x0000000082500000, 0x0000000082600000|  0%| F|  |TAMS 0x0000000082500000| PB 0x0000000082500000| Untracked 
|  38|0x0000000082600000, 0x0000000082600000, 0x0000000082700000|  0%| F|  |TAMS 0x0000000082600000| PB 0x0000000082600000| Untracked 
|  39|0x0000000082700000, 0x0000000082700000, 0x0000000082800000|  0%| F|  |TAMS 0x0000000082700000| PB 0x0000000082700000| Untracked 
|  40|0x0000000082800000, 0x0000000082800000, 0x0000000082900000|  0%| F|  |TAMS 0x0000000082800000| PB 0x0000000082800000| Untracked 
|  41|0x0000000082900000, 0x0000000082900000, 0x0000000082a00000|  0%| F|  |TAMS 0x0000000082900000| PB 0x0000000082900000| Untracked 
|  42|0x0000000082a00000, 0x0000000082a00000, 0x0000000082b00000|  0%| F|  |TAMS 0x0000000082a00000| PB 0x0000000082a00000| Untracked 
|  43|0x0000000082b00000, 0x0000000082b00000, 0x0000000082c00000|  0%| F|  |TAMS 0x0000000082b00000| PB 0x0000000082b00000| Untracked 
|  44|0x0000000082c00000, 0x0000000082c00000, 0x0000000082d00000|  0%| F|  |TAMS 0x0000000082c00000| PB 0x0000000082c00000| Untracked 
|  45|0x0000000082d00000, 0x0000000082d46128, 0x0000000082e00000| 27%| E|  |TAMS 0x0000000082d00000| PB 0x0000000082d00000| Complete 
|  46|0x0000000082e00000, 0x0000000082f00000, 0x0000000082f00000|100%| E|CS|TAMS 0x0000000082e00000| PB 0x0000000082e00000| Complete 
|  47|0x0000000082f00000, 0x0000000083000000, 0x0000000083000000|100%| E|CS|TAMS 0x0000000082f00000| PB 0x0000000082f00000| Complete 
|  48|0x0000000083000000, 0x0000000083100000, 0x0000000083100000|100%| E|CS|TAMS 0x0000000083000000| PB 0x0000000083000000| Complete 
|  49|0x0000000083100000, 0x0000000083200000, 0x0000000083200000|100%| E|CS|TAMS 0x0000000083100000| PB 0x0000000083100000| Complete 
|  50|0x0000000083200000, 0x0000000083300000, 0x0000000083300000|100%| E|CS|TAMS 0x0000000083200000| PB 0x0000000083200000| Complete 
|  51|0x0000000083300000, 0x0000000083400000, 0x0000000083400000|100%| E|CS|TAMS 0x0000000083300000| PB 0x0000000083300000| Complete 
|  52|0x0000000083400000, 0x0000000083500000, 0x0000000083500000|100%| E|CS|TAMS 0x0000000083400000| PB 0x0000000083400000| Complete 
|  53|0x0000000083500000, 0x0000000083600000, 0x0000000083600000|100%| E|CS|TAMS 0x0000000083500000| PB 0x0000000083500000| Complete 
|  54|0x0000000083600000, 0x0000000083700000, 0x0000000083700000|100%| E|CS|TAMS 0x0000000083600000| PB 0x0000000083600000| Complete 
|  55|0x0000000083700000, 0x0000000083800000, 0x0000000083800000|100%| E|CS|TAMS 0x0000000083700000| PB 0x0000000083700000| Complete 
|  56|0x0000000083800000, 0x0000000083900000, 0x0000000083900000|100%| E|CS|TAMS 0x0000000083800000| PB 0x0000000083800000| Complete 
|  57|0x0000000083900000, 0x0000000083a00000, 0x0000000083a00000|100%| E|CS|TAMS 0x0000000083900000| PB 0x0000000083900000| Complete 
|  58|0x0000000083a00000, 0x0000000083b00000, 0x0000000083b00000|100%| E|CS|TAMS 0x0000000083a00000| PB 0x0000000083a00000| Complete 
|  59|0x0000000083b00000, 0x0000000083c00000, 0x0000000083c00000|100%| E|CS|TAMS 0x0000000083b00000| PB 0x0000000083b00000| Complete 
|  60|0x0000000083c00000, 0x0000000083d00000, 0x0000000083d00000|100%| E|CS|TAMS 0x0000000083c00000| PB 0x0000000083c00000| Complete 
|  61|0x0000000083d00000, 0x0000000083e00000, 0x0000000083e00000|100%| E|CS|TAMS 0x0000000083d00000| PB 0x0000000083d00000| Complete 
|  62|0x0000000083e00000, 0x0000000083f00000, 0x0000000083f00000|100%| E|CS|TAMS 0x0000000083e00000| PB 0x0000000083e00000| Complete 
|  63|0x0000000083f00000, 0x0000000084000000, 0x0000000084000000|100%| E|CS|TAMS 0x0000000083f00000| PB 0x0000000083f00000| Complete 
|  64|0x0000000084000000, 0x0000000084100000, 0x0000000084100000|100%| E|CS|TAMS 0x0000000084000000| PB 0x0000000084000000| Complete 
|  65|0x0000000084100000, 0x0000000084200000, 0x0000000084200000|100%| E|CS|TAMS 0x0000000084100000| PB 0x0000000084100000| Complete 
|  66|0x0000000084200000, 0x0000000084300000, 0x0000000084300000|100%| E|CS|TAMS 0x0000000084200000| PB 0x0000000084200000| Complete 
|  67|0x0000000084300000, 0x0000000084400000, 0x0000000084400000|100%| E|CS|TAMS 0x0000000084300000| PB 0x0000000084300000| Complete 
|  68|0x0000000084400000, 0x0000000084500000, 0x0000000084500000|100%| E|CS|TAMS 0x0000000084400000| PB 0x0000000084400000| Complete 
|  69|0x0000000084500000, 0x0000000084600000, 0x0000000084600000|100%| E|  |TAMS 0x0000000084500000| PB 0x0000000084500000| Complete 
|  70|0x0000000084600000, 0x0000000084700000, 0x0000000084700000|100%| E|CS|TAMS 0x0000000084600000| PB 0x0000000084600000| Complete 
|  71|0x0000000084700000, 0x0000000084800000, 0x0000000084800000|100%| E|CS|TAMS 0x0000000084700000| PB 0x0000000084700000| Complete 
|  72|0x0000000084800000, 0x0000000084900000, 0x0000000084900000|100%| E|CS|TAMS 0x0000000084800000| PB 0x0000000084800000| Complete 
|  73|0x0000000084900000, 0x0000000084a00000, 0x0000000084a00000|100%| E|CS|TAMS 0x0000000084900000| PB 0x0000000084900000| Complete 
|  81|0x0000000085100000, 0x00000000851546a0, 0x0000000085200000| 32%| S|CS|TAMS 0x0000000085100000| PB 0x0000000085100000| Complete 
|  82|0x0000000085200000, 0x0000000085300000, 0x0000000085300000|100%| S|CS|TAMS 0x0000000085200000| PB 0x0000000085200000| Complete 
|  93|0x0000000085d00000, 0x0000000085e00000, 0x0000000085e00000|100%| E|CS|TAMS 0x0000000085d00000| PB 0x0000000085d00000| Complete 

Card table byte_map: [0x000001ef59930000,0x000001ef59d30000] _byte_map_base: 0x000001ef59530000

Marking Bits: (CMBitMap*) 0x000001ef46eefd10
 Bits: [0x000001ef59d30000, 0x000001ef5bd30000)

Polling page: 0x000001ef44dc0000

Metaspace:

Usage:
  Non-class:     22.69 MB used.
      Class:      3.21 MB used.
       Both:     25.90 MB used.

Virtual space:
  Non-class space:       64.00 MB reserved,      22.94 MB ( 36%) committed,  1 nodes.
      Class space:        1.00 GB reserved,       3.44 MB ( <1%) committed,  1 nodes.
             Both:        1.06 GB reserved,      26.38 MB (  2%) committed. 

Chunk freelists:
   Non-Class:  9.08 MB
       Class:  12.57 MB
        Both:  21.65 MB

MaxMetaspaceSize: unlimited
CompressedClassSpaceSize: 1.00 GB
Initial GC threshold: 21.00 MB
Current GC threshold: 35.12 MB
CDS: off
 - commit_granule_bytes: 65536.
 - commit_granule_words: 8192.
 - virtual_space_node_default_size: 8388608.
 - enlarge_chunks_in_place: 1.
 - use_allocation_guard: 0.


Internal statistics:

num_allocs_failed_limit: 3.
num_arena_births: 672.
num_arena_deaths: 0.
num_vsnodes_births: 2.
num_vsnodes_deaths: 0.
num_space_committed: 422.
num_space_uncommitted: 0.
num_chunks_returned_to_freelist: 3.
num_chunks_taken_from_freelist: 1319.
num_chunk_merges: 3.
num_chunk_splits: 842.
num_chunks_enlarged: 572.
num_inconsistent_stats: 0.

CodeHeap 'non-profiled nmethods': size=120000Kb used=1258Kb max_used=1258Kb free=118742Kb
 bounds [0x000001ef51ab0000, 0x000001ef51d20000, 0x000001ef58fe0000]
CodeHeap 'profiled nmethods': size=120000Kb used=5552Kb max_used=5552Kb free=114447Kb
 bounds [0x000001ef49fe0000, 0x000001ef4a550000, 0x000001ef51510000]
CodeHeap 'non-nmethods': size=5760Kb used=1461Kb max_used=1465Kb free=4298Kb
 bounds [0x000001ef51510000, 0x000001ef51780000, 0x000001ef51ab0000]
 total_blobs=3275 nmethods=2713 adapters=466
 compilation: enabled
              stopped_count=0, restarted_count=0
 full_count=0

Compilation events (20 events):
Event: 4.489 Thread 0x000001ef5ebb05f0 2648       3       jdk.internal.org.objectweb.asm.AnnotationWriter::computeAnnotationsSize (42 bytes)
Event: 4.489 Thread 0x000001ef5ebb05f0 nmethod 2648 0x000001ef4a52e690 code [0x000001ef4a52e840, 0x000001ef4a52ea88]
Event: 4.490 Thread 0x000001ef5ebb05f0 2649       3       java.lang.invoke.MethodHandles$Lookup::checkMethod (87 bytes)
Event: 4.490 Thread 0x000001ef5ebb05f0 nmethod 2649 0x000001ef4a52ec10 code [0x000001ef4a52ee20, 0x000001ef4a52f4a8]
Event: 4.490 Thread 0x000001ef5ebb05f0 2650       3       java.lang.invoke.MethodType::genericMethodType (6 bytes)
Event: 4.491 Thread 0x000001ef5ebb05f0 nmethod 2650 0x000001ef4a52f710 code [0x000001ef4a52f8c0, 0x000001ef4a52f9e0]
Event: 4.493 Thread 0x000001ef5ebb05f0 2651       3       java.lang.invoke.ClassSpecializer$SpeciesData::transformHelper (56 bytes)
Event: 4.494 Thread 0x000001ef5ebb05f0 nmethod 2651 0x000001ef4a52fa90 code [0x000001ef4a52fce0, 0x000001ef4a530498]
Event: 4.494 Thread 0x000001ef5ebb05f0 2652       3       java.lang.invoke.InvokerBytecodeGenerator::<init> (129 bytes)
Event: 4.495 Thread 0x000001ef5ebb05f0 nmethod 2652 0x000001ef4a530710 code [0x000001ef4a530a00, 0x000001ef4a5319b0]
Event: 4.507 Thread 0x000001ef5ebb05f0 2653       3       java.lang.invoke.VarHandleReferences$FieldInstanceReadWrite::compareAndSet (48 bytes)
Event: 4.508 Thread 0x000001ef5ebb05f0 nmethod 2653 0x000001ef4a531f90 code [0x000001ef4a532200, 0x000001ef4a532c28]
Event: 4.514 Thread 0x000001ef5ebb05f0 2654       3       java.lang.StringLatin1::compareTo (41 bytes)
Event: 4.514 Thread 0x000001ef5ebb05f0 nmethod 2654 0x000001ef4a533010 code [0x000001ef4a5331e0, 0x000001ef4a533548]
Event: 4.522 Thread 0x000001ef5ebb05f0 2655       3       java.lang.invoke.InvokerBytecodeGenerator::loadMethod (39 bytes)
Event: 4.523 Thread 0x000001ef5ebb05f0 nmethod 2655 0x000001ef4a533710 code [0x000001ef4a533900, 0x000001ef4a533bf8]
Event: 4.523 Thread 0x000001ef5ebb05f0 2656       3       java.lang.invoke.InvokerBytecodeGenerator::<init> (12 bytes)
Event: 4.523 Thread 0x000001ef5ebb05f0 nmethod 2656 0x000001ef4a533d90 code [0x000001ef4a533f40, 0x000001ef4a5340f8]
Event: 4.523 Thread 0x000001ef5ebb05f0 2657       3       java.lang.invoke.InvokerBytecodeGenerator::generateCustomizedCodeBytes (37 bytes)
Event: 4.524 Thread 0x000001ef5ebb05f0 nmethod 2657 0x000001ef4a534210 code [0x000001ef4a534420, 0x000001ef4a5347f0]

GC Heap History (8 events):
Event: 0.893 GC heap before
{Heap before GC invocations=0 (full 0):
 garbage-first heap   total 96256K, used 26624K [0x0000000080000000, 0x0000000100000000)
  region size 1024K, 23 young (23552K), 0 survivors (0K)
 Metaspace       used 8141K, committed 8320K, reserved 1114112K
  class space    used 741K, committed 832K, reserved 1048576K
}
Event: 0.903 GC heap after
{Heap after GC invocations=1 (full 0):
 garbage-first heap   total 96256K, used 10400K [0x0000000080000000, 0x0000000100000000)
  region size 1024K, 3 young (3072K), 3 survivors (3072K)
 Metaspace       used 8141K, committed 8320K, reserved 1114112K
  class space    used 741K, committed 832K, reserved 1048576K
}
Event: 1.677 GC heap before
{Heap before GC invocations=1 (full 0):
 garbage-first heap   total 96256K, used 39072K [0x0000000080000000, 0x0000000100000000)
  region size 1024K, 32 young (32768K), 3 survivors (3072K)
 Metaspace       used 12035K, committed 12224K, reserved 1114112K
  class space    used 1281K, committed 1408K, reserved 1048576K
}
Event: 1.687 GC heap after
{Heap after GC invocations=2 (full 0):
 garbage-first heap   total 96256K, used 11819K [0x0000000080000000, 0x0000000100000000)
  region size 1024K, 2 young (2048K), 2 survivors (2048K)
 Metaspace       used 12035K, committed 12224K, reserved 1114112K
  class space    used 1281K, committed 1408K, reserved 1048576K
}
Event: 3.480 GC heap before
{Heap before GC invocations=2 (full 0):
 garbage-first heap   total 96256K, used 69163K [0x0000000080000000, 0x0000000100000000)
  region size 1024K, 56 young (57344K), 2 survivors (2048K)
 Metaspace       used 18874K, committed 19200K, reserved 1114112K
  class space    used 2134K, committed 2304K, reserved 1048576K
}
Event: 3.491 GC heap after
{Heap after GC invocations=3 (full 0):
 garbage-first heap   total 96256K, used 19506K [0x0000000080000000, 0x0000000100000000)
  region size 1024K, 7 young (7168K), 7 survivors (7168K)
 Metaspace       used 18874K, committed 19200K, reserved 1114112K
  class space    used 2134K, committed 2304K, reserved 1048576K
}
Event: 3.843 GC heap before
{Heap before GC invocations=3 (full 0):
 garbage-first heap   total 96256K, used 28722K [0x0000000080000000, 0x0000000100000000)
  region size 1024K, 18 young (18432K), 7 survivors (7168K)
 Metaspace       used 21194K, committed 21504K, reserved 1114112K
  class space    used 2464K, committed 2624K, reserved 1048576K
}
Event: 3.851 GC heap after
{Heap after GC invocations=4 (full 0):
 garbage-first heap   total 96256K, used 21115K [0x0000000080000000, 0x0000000100000000)
  region size 1024K, 2 young (2048K), 2 survivors (2048K)
 Metaspace       used 21194K, committed 21504K, reserved 1114112K
  class space    used 2464K, committed 2624K, reserved 1048576K
}

Dll operation events (3 events):
Event: 0.014 Loaded shared library C:\Program Files\Android\Android Studio\jbr\bin\java.dll
Event: 0.020 Loaded shared library C:\Program Files\Android\Android Studio\jbr\bin\zip.dll
Event: 0.873 Loaded shared library C:\Program Files\Android\Android Studio\jbr\bin\verify.dll

Deoptimization events (20 events):
Event: 4.336 Thread 0x000001ef64b041e0 Uncommon trap: trap_request=0xffffff45 fr.pc=0x000001ef51ace7f0 relative=0x00000000000001b0
Event: 4.336 Thread 0x000001ef64b041e0 Uncommon trap: reason=unstable_if action=reinterpret pc=0x000001ef51ace7f0 method=java.util.regex.Matcher.reset()Ljava/util/regex/Matcher; @ 47 c2
Event: 4.336 Thread 0x000001ef64b041e0 DEOPT PACKING pc=0x000001ef51ace7f0 sp=0x00000004a79fa8d0
Event: 4.336 Thread 0x000001ef64b041e0 DEOPT UNPACKING pc=0x000001ef515646a2 sp=0x00000004a79fa860 mode 2
Event: 4.401 Thread 0x000001ef64b041e0 Uncommon trap: trap_request=0xffffff45 fr.pc=0x000001ef51ad11a0 relative=0x0000000000000d20
Event: 4.401 Thread 0x000001ef64b041e0 Uncommon trap: reason=unstable_if action=reinterpret pc=0x000001ef51ad11a0 method=java.io.WinNTFileSystem.resolve(Ljava/lang/String;Ljava/lang/String;)Ljava/lang/String; @ 19 c2
Event: 4.401 Thread 0x000001ef64b041e0 DEOPT PACKING pc=0x000001ef51ad11a0 sp=0x00000004a79fb6c0
Event: 4.401 Thread 0x000001ef64b041e0 DEOPT UNPACKING pc=0x000001ef515646a2 sp=0x00000004a79fb658 mode 2
Event: 4.403 Thread 0x000001ef64b041e0 Uncommon trap: trap_request=0xffffff45 fr.pc=0x000001ef51b3a590 relative=0x0000000000000630
Event: 4.403 Thread 0x000001ef64b041e0 Uncommon trap: reason=unstable_if action=reinterpret pc=0x000001ef51b3a590 method=java.io.File.getName()Ljava/lang/String; @ 16 c2
Event: 4.403 Thread 0x000001ef64b041e0 DEOPT PACKING pc=0x000001ef51b3a590 sp=0x00000004a79fb680
Event: 4.403 Thread 0x000001ef64b041e0 DEOPT UNPACKING pc=0x000001ef515646a2 sp=0x00000004a79fb650 mode 2
Event: 4.469 Thread 0x000001ef64b041e0 Uncommon trap: trap_request=0xffffff45 fr.pc=0x000001ef51ad6110 relative=0x00000000000000f0
Event: 4.469 Thread 0x000001ef64b041e0 Uncommon trap: reason=unstable_if action=reinterpret pc=0x000001ef51ad6110 method=java.util.HashMap.hash(Ljava/lang/Object;)I @ 1 c2
Event: 4.469 Thread 0x000001ef64b041e0 DEOPT PACKING pc=0x000001ef51ad6110 sp=0x00000004a79fc4a0
Event: 4.469 Thread 0x000001ef64b041e0 DEOPT UNPACKING pc=0x000001ef515646a2 sp=0x00000004a79fc3e0 mode 2
Event: 4.519 Thread 0x000001ef64b041e0 Uncommon trap: trap_request=0xffffff45 fr.pc=0x000001ef51b53eb0 relative=0x00000000000007d0
Event: 4.519 Thread 0x000001ef64b041e0 Uncommon trap: reason=unstable_if action=reinterpret pc=0x000001ef51b53eb0 method=java.util.ArrayList.grow(I)[Ljava/lang/Object; @ 17 c2
Event: 4.519 Thread 0x000001ef64b041e0 DEOPT PACKING pc=0x000001ef51b53eb0 sp=0x00000004a79fd160
Event: 4.519 Thread 0x000001ef64b041e0 DEOPT UNPACKING pc=0x000001ef515646a2 sp=0x00000004a79fcff8 mode 2

Classes loaded (20 events):
Event: 4.368 Loading class sun/security/provider/MD5
Event: 4.368 Loading class sun/security/provider/MD5 done
Event: 4.369 Loading class sun/security/provider/SHA5$SHA512
Event: 4.369 Loading class sun/security/provider/SHA5
Event: 4.369 Loading class sun/security/provider/SHA5 done
Event: 4.369 Loading class sun/security/provider/SHA5$SHA512 done
Event: 4.371 Loading class sun/security/provider/ByteArrayAccess$LE
Event: 4.371 Loading class sun/security/provider/ByteArrayAccess$LE done
Event: 4.402 Loading class java/io/File$TempDirectory
Event: 4.402 Loading class java/io/File$TempDirectory done
Event: 4.408 Loading class java/io/PrintWriter
Event: 4.408 Loading class java/io/PrintWriter done
Event: 4.438 Loading class java/util/concurrent/Semaphore
Event: 4.438 Loading class java/util/concurrent/Semaphore done
Event: 4.440 Loading class java/nio/file/FileVisitOption
Event: 4.440 Loading class java/nio/file/FileVisitOption done
Event: 4.445 Loading class java/util/stream/ReduceOps$1
Event: 4.445 Loading class java/util/stream/ReduceOps$1 done
Event: 4.445 Loading class java/util/stream/ReduceOps$1ReducingSink
Event: 4.445 Loading class java/util/stream/ReduceOps$1ReducingSink done

Classes unloaded (0 events):
No events

Classes redefined (0 events):
No events

Internal exceptions (20 events):
Event: 3.799 Thread 0x000001ef64b041e0 Exception <a 'java/lang/NoSuchMethodError'{0x00000000855c5578}: 'long java.lang.invoke.DirectMethodHandle$Holder.invokeInterface(java.lang.Object, java.lang.Object)'> (0x00000000855c5578) 
thrown [s\src\hotspot\share\interpreter\linkResolver.cpp, line 784]
Event: 3.923 Thread 0x000001ef64b041e0 Exception <a 'java/lang/NoSuchMethodError'{0x00000000847449c0}: 'void java.lang.invoke.DirectMethodHandle$Holder.invokeStatic(java.lang.Object, java.lang.Object)'> (0x00000000847449c0) 
thrown [s\src\hotspot\share\interpreter\linkResolver.cpp, line 784]
Event: 3.931 Thread 0x000001ef64b041e0 Exception <a 'java/lang/NoSuchMethodError'{0x000000008477b8a0}: 'java.lang.Object java.lang.invoke.DirectMethodHandle$Holder.invokeVirtual(java.lang.Object, java.lang.Object, java.lang.Object, java.lang.Object, java.lang.Object, java.lang.Object, java.lang.Object, java.lang.Object, java.lang.Object, java.lang.Object, java.lang.Object, java.lang.Object)'> (0x000000008477b8a0) 
thrown [s\src\hotspot\share\interpreter\linkResolver.cpp, line 784]
Event: 3.931 Thread 0x000001ef64b041e0 Exception <a 'java/lang/NoSuchMethodError'{0x0000000084780910}: 'java.lang.Object java.lang.invoke.DirectMethodHandle$Holder.invokeSpecial(java.lang.Object, java.lang.Object, java.lang.Object, java.lang.Object, java.lang.Object, java.lang.Object, java.lang.Object, java.lang.Object, java.lang.Object, java.lang.Object, java.lang.Object, java.lang.Object, java.lang.Object)'> (0x0000000084780910) 
thrown [s\src\hotspot\share\interpreter\linkResolver.cpp, line 784]
Event: 3.972 Thread 0x000001ef64b041e0 Exception <a 'java/lang/NoSuchMethodError'{0x0000000084561a98}: 'java.lang.Object java.lang.invoke.DirectMethodHandle$Holder.newInvokeSpecial(java.lang.Object, java.lang.Object, java.lang.Object, java.lang.Object, java.lang.Object)'> (0x0000000084561a98) 
thrown [s\src\hotspot\share\interpreter\linkResolver.cpp, line 784]
Event: 3.984 Thread 0x000001ef64b041e0 Exception <a 'java/lang/NoSuchMethodError'{0x00000000845b9208}: 'int java.lang.invoke.DirectMethodHandle$Holder.invokeVirtual(java.lang.Object, java.lang.Object, java.lang.Object)'> (0x00000000845b9208) 
thrown [s\src\hotspot\share\interpreter\linkResolver.cpp, line 784]
Event: 4.041 Thread 0x000001ef64b041e0 Exception <a 'java/lang/NoSuchMethodError'{0x0000000084241f58}: 'java.lang.Object java.lang.invoke.DirectMethodHandle$Holder.newInvokeSpecial(java.lang.Object, java.lang.Object, java.lang.Object, java.lang.Object, java.lang.Object, java.lang.Object)'> (0x0000000084241f58) 
thrown [s\src\hotspot\share\interpreter\linkResolver.cpp, line 784]
Event: 4.045 Thread 0x000001ef64b041e0 Exception <a 'java/lang/NoSuchMethodError'{0x0000000084263990}: 'void java.lang.invoke.DirectMethodHandle$Holder.invokeStaticInit(java.lang.Object, java.lang.Object)'> (0x0000000084263990) 
thrown [s\src\hotspot\share\interpreter\linkResolver.cpp, line 784]
Event: 4.120 Thread 0x000001ef64b041e0 Exception <a 'java/lang/NoSuchMethodError'{0x00000000840f2f88}: 'void java.lang.invoke.DelegatingMethodHandle$Holder.reinvoke_L(java.lang.Object, java.lang.Object, java.lang.Object, java.lang.Object, java.lang.Object, java.lang.Object, java.lang.Object, java.lang.Object, java.lang.Object, java.lang.Object)'> (0x00000000840f2f88) 
thrown [s\src\hotspot\share\interpreter\linkResolver.cpp, line 784]
Event: 4.121 Thread 0x000001ef64b041e0 Exception <a 'java/lang/NoSuchMethodError'{0x00000000840fa988}: 'java.lang.Object java.lang.invoke.Invokers$Holder.invoker(java.lang.Object, java.lang.Object, java.lang.Object, java.lang.Object, java.lang.Object, java.lang.Object, java.lang.Object, java.lang.Object, java.lang.Object, java.lang.Object)'> (0x00000000840fa988) 
thrown [s\src\hotspot\share\interpreter\linkResolver.cpp, line 784]
Event: 4.234 Thread 0x000001ef64b041e0 Exception <a 'java/lang/NoSuchMethodError'{0x0000000083ccf5f0}: 'void java.lang.invoke.DirectMethodHandle$Holder.invokeVirtual(java.lang.Object, java.lang.Object, java.lang.Object, java.lang.Object, java.lang.Object)'> (0x0000000083ccf5f0) 
thrown [s\src\hotspot\share\interpreter\linkResolver.cpp, line 784]
Event: 4.279 Thread 0x000001ef64b041e0 Exception <a 'java/lang/NoSuchMethodError'{0x0000000083a5b138}: 'void java.lang.invoke.DirectMethodHandle$Holder.invokeInterface(java.lang.Object, java.lang.Object)'> (0x0000000083a5b138) 
thrown [s\src\hotspot\share\interpreter\linkResolver.cpp, line 784]
Event: 4.279 Thread 0x000001ef64b041e0 Exception <a 'java/lang/IncompatibleClassChangeError'{0x0000000083a5e698}: Found class java.lang.Object, but interface was expected> (0x0000000083a5e698) 
thrown [s\src\hotspot\share\interpreter\linkResolver.cpp, line 851]
Event: 4.310 Thread 0x000001ef64b041e0 Exception <a 'java/lang/NoSuchMethodError'{0x000000008397d920}: 'java.lang.Object java.lang.invoke.DirectMethodHandle$Holder.newInvokeSpecial(java.lang.Object, java.lang.Object, int)'> (0x000000008397d920) 
thrown [s\src\hotspot\share\interpreter\linkResolver.cpp, line 784]
Event: 4.328 Thread 0x000001ef64b041e0 Exception <a 'java/lang/NoSuchMethodError'{0x000000008381d108}: 'java.lang.Object java.lang.invoke.DirectMethodHandle$Holder.invokeVirtual(java.lang.Object, java.lang.Object, java.lang.Object, java.lang.Object, java.lang.Object, java.lang.Object, java.lang.Object, java.lang.Object)'> (0x000000008381d108) 
thrown [s\src\hotspot\share\interpreter\linkResolver.cpp, line 784]
Event: 4.443 Thread 0x000001ef64b041e0 Exception <a 'java/lang/NoSuchMethodError'{0x000000008332c458}: 'int java.lang.invoke.DirectMethodHandle$Holder.invokeSpecialIFC(java.lang.Object, java.lang.Object, java.lang.Object, java.lang.Object)'> (0x000000008332c458) 
thrown [s\src\hotspot\share\interpreter\linkResolver.cpp, line 784]
Event: 4.444 Thread 0x000001ef64b041e0 Exception <a 'java/lang/NoSuchMethodError'{0x0000000083339710}: 'java.lang.Object java.lang.invoke.DirectMethodHandle$Holder.invokeInterface(java.lang.Object, java.lang.Object, java.lang.Object)'> (0x0000000083339710) 
thrown [s\src\hotspot\share\interpreter\linkResolver.cpp, line 784]
Event: 4.445 Thread 0x000001ef64b041e0 Exception <a 'java/lang/IncompatibleClassChangeError'{0x000000008333d058}: Found class java.lang.Object, but interface was expected> (0x000000008333d058) 
thrown [s\src\hotspot\share\interpreter\linkResolver.cpp, line 851]
Event: 4.469 Thread 0x000001ef64b041e0 Implicit null exception at 0x000001ef51ad6066 to 0x000001ef51ad6106
Event: 4.488 Thread 0x000001ef64b041e0 Exception <a 'java/lang/NoSuchMethodError'{0x0000000083124010}: 'int java.lang.invoke.DirectMethodHandle$Holder.invokeStatic(java.lang.Object, java.lang.Object, java.lang.Object, java.lang.Object)'> (0x0000000083124010) 
thrown [s\src\hotspot\share\interpreter\linkResolver.cpp, line 784]

ZGC Phase Switch (0 events):
No events

VM Operations (20 events):
Event: 3.185 Executing VM operation: HandshakeAllThreads (Deoptimize)
Event: 3.185 Executing VM operation: HandshakeAllThreads (Deoptimize) done
Event: 3.253 Executing VM operation: HandshakeAllThreads (Deoptimize)
Event: 3.253 Executing VM operation: HandshakeAllThreads (Deoptimize) done
Event: 3.472 Executing VM operation: HandshakeAllThreads (Deoptimize)
Event: 3.472 Executing VM operation: HandshakeAllThreads (Deoptimize) done
Event: 3.480 Executing VM operation: G1CollectForAllocation (G1 Evacuation Pause)
Event: 3.491 Executing VM operation: G1CollectForAllocation (G1 Evacuation Pause) done
Event: 3.604 Executing VM operation: HandshakeAllThreads (Deoptimize)
Event: 3.604 Executing VM operation: HandshakeAllThreads (Deoptimize) done
Event: 3.843 Executing VM operation: CollectForMetadataAllocation (Metadata GC Threshold)
Event: 3.851 Executing VM operation: CollectForMetadataAllocation (Metadata GC Threshold) done
Event: 3.858 Executing VM operation: G1PauseRemark
Event: 3.861 Executing VM operation: G1PauseRemark done
Event: 3.863 Executing VM operation: G1PauseCleanup
Event: 3.864 Executing VM operation: G1PauseCleanup done
Event: 4.090 Executing VM operation: HandshakeAllThreads (Deoptimize)
Event: 4.090 Executing VM operation: HandshakeAllThreads (Deoptimize) done
Event: 4.307 Executing VM operation: HandshakeAllThreads (Deoptimize)
Event: 4.307 Executing VM operation: HandshakeAllThreads (Deoptimize) done

Events (20 events):
Event: 0.239 Thread 0x000001ef5eeeef30 Thread added: 0x000001ef5eeeef30
Event: 0.660 Loaded shared library C:\Program Files\Android\Android Studio\jbr\bin\jimage.dll
Event: 1.091 Loaded shared library C:\Users\kasth\.gradle\native\c067742578af261105cb4f569cf0c3c89f3d7b1fecec35dd04571415982c5e48\windows-amd64\native-platform.dll
Event: 1.102 Loaded shared library C:\Users\kasth\.gradle\native\100fb08df4bc3b14c8652ba06237920a3bd2aa13389f12d3474272988ae205f9\windows-amd64\native-platform-file-events.dll
Event: 2.912 Loaded shared library C:\Program Files\Android\Android Studio\jbr\bin\management.dll
Event: 2.921 Loaded shared library C:\Program Files\Android\Android Studio\jbr\bin\management_ext.dll
Event: 2.981 Thread 0x000001ef64739310 Thread added: 0x000001ef64739310
Event: 3.387 Loaded shared library C:\Program Files\Android\Android Studio\jbr\bin\extnet.dll
Event: 3.425 Thread 0x000001ef65926490 Thread added: 0x000001ef65926490
Event: 3.546 Thread 0x000001ef64d2d460 Thread added: 0x000001ef64d2d460
Event: 3.652 Thread 0x000001ef668c6b30 Thread added: 0x000001ef668c6b30
Event: 3.655 Thread 0x000001ef668c33f0 Thread added: 0x000001ef668c33f0
Event: 3.703 Thread 0x000001ef64b02080 Thread added: 0x000001ef64b02080
Event: 3.719 Thread 0x000001ef64b041e0 Thread added: 0x000001ef64b041e0
Event: 3.734 Thread 0x000001ef6482ebc0 Thread added: 0x000001ef6482ebc0
Event: 3.740 Thread 0x000001ef6482caf0 Thread added: 0x000001ef6482caf0
Event: 3.743 Thread 0x000001ef6482d810 Thread added: 0x000001ef6482d810
Event: 4.308 Thread 0x000001ef6482e530 Thread added: 0x000001ef6482e530
Event: 4.323 Thread 0x000001ef6482f250 Thread added: 0x000001ef6482f250
Event: 4.357 Thread 0x000001ef6482d180 Thread added: 0x000001ef6482d180


Dynamic libraries:
0x00007ff6e8cf0000 - 0x00007ff6e8cfa000 	C:\Program Files\Android\Android Studio\jbr\bin\java.exe
0x00007ffa2fa10000 - 0x00007ffa2fc27000 	C:\Windows\SYSTEM32\ntdll.dll
0x00007ffa2e6c0000 - 0x00007ffa2e784000 	C:\Windows\System32\KERNEL32.DLL
0x00007ffa2cf90000 - 0x00007ffa2d347000 	C:\Windows\System32\KERNELBASE.dll
0x00007ffa2d350000 - 0x00007ffa2d461000 	C:\Windows\System32\ucrtbase.dll
0x00007ffa02300000 - 0x00007ffa02318000 	C:\Program Files\Android\Android Studio\jbr\bin\jli.dll
0x00007ffa1f1e0000 - 0x00007ffa1f1fb000 	C:\Program Files\Android\Android Studio\jbr\bin\VCRUNTIME140.dll
0x00007ffa2ec40000 - 0x00007ffa2edef000 	C:\Windows\System32\USER32.dll
0x00007ffa2d650000 - 0x00007ffa2d676000 	C:\Windows\System32\win32u.dll
0x00007ffa10010000 - 0x00007ffa102a3000 	C:\Windows\WinSxS\amd64_microsoft.windows.common-controls_6595b64144ccf1df_6.0.22621.3672_none_2713b9d173822955\COMCTL32.dll
0x00007ffa2d7a0000 - 0x00007ffa2d7c9000 	C:\Windows\System32\GDI32.dll
0x00007ffa2f140000 - 0x00007ffa2f1e7000 	C:\Windows\System32\msvcrt.dll
0x00007ffa2cda0000 - 0x00007ffa2ceb8000 	C:\Windows\System32\gdi32full.dll
0x00007ffa2cef0000 - 0x00007ffa2cf8a000 	C:\Windows\System32\msvcp_win.dll
0x00007ffa2e600000 - 0x00007ffa2e631000 	C:\Windows\System32\IMM32.DLL
0x00007ffa294b0000 - 0x00007ffa294bc000 	C:\Program Files\Android\Android Studio\jbr\bin\vcruntime140_1.dll
0x00007ff9c2390000 - 0x00007ff9c241d000 	C:\Program Files\Android\Android Studio\jbr\bin\msvcp140.dll
0x00007ff9d7d30000 - 0x00007ff9d89ad000 	C:\Program Files\Android\Android Studio\jbr\bin\server\jvm.dll
0x00007ffa2f910000 - 0x00007ffa2f9c2000 	C:\Windows\System32\ADVAPI32.dll
0x00007ffa2f090000 - 0x00007ffa2f138000 	C:\Windows\System32\sechost.dll
0x00007ffa2cec0000 - 0x00007ffa2cee8000 	C:\Windows\System32\bcrypt.dll
0x00007ffa2d8e0000 - 0x00007ffa2d9f4000 	C:\Windows\System32\RPCRT4.dll
0x00007ffa2edf0000 - 0x00007ffa2ee61000 	C:\Windows\System32\WS2_32.dll
0x00007ffa24b90000 - 0x00007ffa24bc4000 	C:\Windows\SYSTEM32\WINMM.dll
0x00007ffa29d60000 - 0x00007ffa29d6a000 	C:\Windows\SYSTEM32\VERSION.dll
0x00007ffa2ca40000 - 0x00007ffa2ca8d000 	C:\Windows\SYSTEM32\POWRPROF.dll
0x00007ffa2ca20000 - 0x00007ffa2ca33000 	C:\Windows\SYSTEM32\UMPDC.dll
0x00007ffa2bd50000 - 0x00007ffa2bd68000 	C:\Windows\SYSTEM32\kernel.appcore.dll
0x00007ffa29130000 - 0x00007ffa2913a000 	C:\Program Files\Android\Android Studio\jbr\bin\jimage.dll
0x00007ffa2a700000 - 0x00007ffa2a932000 	C:\Windows\SYSTEM32\DBGHELP.DLL
0x00007ffa2da00000 - 0x00007ffa2dd8e000 	C:\Windows\System32\combase.dll
0x00007ffa2f820000 - 0x00007ffa2f8f7000 	C:\Windows\System32\OLEAUT32.dll
0x00007ffa294d0000 - 0x00007ffa29502000 	C:\Windows\SYSTEM32\dbgcore.DLL
0x00007ffa2cd20000 - 0x00007ffa2cd9b000 	C:\Windows\System32\bcryptPrimitives.dll
0x00007ffa1d0e0000 - 0x00007ffa1d0ee000 	C:\Program Files\Android\Android Studio\jbr\bin\instrument.dll
0x00007ffa1dba0000 - 0x00007ffa1dbbf000 	C:\Program Files\Android\Android Studio\jbr\bin\java.dll
0x00007ffa1db80000 - 0x00007ffa1db98000 	C:\Program Files\Android\Android Studio\jbr\bin\zip.dll
0x00007ffa2dd90000 - 0x00007ffa2e5f9000 	C:\Windows\System32\SHELL32.dll
0x00007ffa2aad0000 - 0x00007ffa2b3cf000 	C:\Windows\SYSTEM32\windows.storage.dll
0x00007ffa2b400000 - 0x00007ffa2b53f000 	C:\Windows\SYSTEM32\wintypes.dll
0x00007ffa2ead0000 - 0x00007ffa2ebc9000 	C:\Windows\System32\SHCORE.dll
0x00007ffa2d7d0000 - 0x00007ffa2d82e000 	C:\Windows\System32\shlwapi.dll
0x00007ffa2cc50000 - 0x00007ffa2cc77000 	C:\Windows\SYSTEM32\profapi.dll
0x00007ffa290b0000 - 0x00007ffa290c0000 	C:\Program Files\Android\Android Studio\jbr\bin\net.dll
0x00007ffa27480000 - 0x00007ffa275b6000 	C:\Windows\SYSTEM32\WINHTTP.dll
0x00007ffa2c1e0000 - 0x00007ffa2c249000 	C:\Windows\system32\mswsock.dll
0x00007ffa1d6e0000 - 0x00007ffa1d6f6000 	C:\Program Files\Android\Android Studio\jbr\bin\nio.dll
0x00007ffa1cd20000 - 0x00007ffa1cd30000 	C:\Program Files\Android\Android Studio\jbr\bin\verify.dll
0x00007ffa1c6e0000 - 0x00007ffa1c707000 	C:\Users\kasth\.gradle\native\c067742578af261105cb4f569cf0c3c89f3d7b1fecec35dd04571415982c5e48\windows-amd64\native-platform.dll
0x00007ff9b6580000 - 0x00007ff9b66c4000 	C:\Users\kasth\.gradle\native\100fb08df4bc3b14c8652ba06237920a3bd2aa13389f12d3474272988ae205f9\windows-amd64\native-platform-file-events.dll
0x00007ffa26d60000 - 0x00007ffa26d69000 	C:\Program Files\Android\Android Studio\jbr\bin\management.dll
0x00007ffa1d6d0000 - 0x00007ffa1d6db000 	C:\Program Files\Android\Android Studio\jbr\bin\management_ext.dll
0x00007ffa2ebd0000 - 0x00007ffa2ebd8000 	C:\Windows\System32\PSAPI.DLL
0x00007ffa2c430000 - 0x00007ffa2c44b000 	C:\Windows\SYSTEM32\CRYPTSP.dll
0x00007ffa2bcb0000 - 0x00007ffa2bce5000 	C:\Windows\system32\rsaenh.dll
0x00007ffa2c2d0000 - 0x00007ffa2c2f8000 	C:\Windows\SYSTEM32\USERENV.dll
0x00007ffa2c450000 - 0x00007ffa2c45c000 	C:\Windows\SYSTEM32\CRYPTBASE.dll
0x00007ffa2b7a0000 - 0x00007ffa2b7cd000 	C:\Windows\SYSTEM32\IPHLPAPI.DLL
0x00007ffa2e8f0000 - 0x00007ffa2e8f9000 	C:\Windows\System32\NSI.dll
0x00007ffa26f80000 - 0x00007ffa26f89000 	C:\Program Files\Android\Android Studio\jbr\bin\extnet.dll
0x00007ffa0cca0000 - 0x00007ffa0cca8000 	C:\Windows\system32\wshunix.dll

dbghelp: loaded successfully - version: 4.0.5 - missing functions: none
symbol engine: initialized successfully - sym options: 0x614 - pdb path: .;C:\Program Files\Android\Android Studio\jbr\bin;C:\Windows\SYSTEM32;C:\Windows\WinSxS\amd64_microsoft.windows.common-controls_6595b64144ccf1df_6.0.22621.3672_none_2713b9d173822955;C:\Program Files\Android\Android Studio\jbr\bin\server;C:\Users\kasth\.gradle\native\c067742578af261105cb4f569cf0c3c89f3d7b1fecec35dd04571415982c5e48\windows-amd64;C:\Users\kasth\.gradle\native\100fb08df4bc3b14c8652ba06237920a3bd2aa13389f12d3474272988ae205f9\windows-amd64

VM Arguments:
jvm_args: --add-opens=java.base/java.util=ALL-UNNAMED --add-opens=java.base/java.lang=ALL-UNNAMED --add-opens=java.base/java.lang.invoke=ALL-UNNAMED --add-opens=java.prefs/java.util.prefs=ALL-UNNAMED --add-exports=jdk.compiler/com.sun.tools.javac.api=ALL-UNNAMED --add-exports=jdk.compiler/com.sun.tools.javac.util=ALL-UNNAMED --add-opens=java.base/java.nio.charset=ALL-UNNAMED --add-opens=java.base/java.net=ALL-UNNAMED --add-opens=java.base/java.util.concurrent.atomic=ALL-UNNAMED -Xmx2048m -Dfile.encoding=UTF-8 -Duser.country=IN -Duser.language=en -Duser.variant -javaagent:C:\Users\kasth\.gradle\wrapper\dists\gradle-8.9-bin\90cnw93cvbtalezasaz0blq0a\gradle-8.9\lib\agents\gradle-instrumentation-agent-8.9.jar 
java_command: org.gradle.launcher.daemon.bootstrap.GradleDaemon 8.9
java_class_path (initial): C:\Users\kasth\.gradle\wrapper\dists\gradle-8.9-bin\90cnw93cvbtalezasaz0blq0a\gradle-8.9\lib\gradle-daemon-main-8.9.jar
Launcher Type: SUN_STANDARD

[Global flags]
     intx CICompilerCount                          = 4                                         {product} {ergonomic}
     uint ConcGCThreads                            = 3                                         {product} {ergonomic}
     uint G1ConcRefinementThreads                  = 10                                        {product} {ergonomic}
   size_t G1HeapRegionSize                         = 1048576                                   {product} {ergonomic}
    uintx GCDrainStackTargetSize                   = 64                                        {product} {ergonomic}
   size_t InitialHeapSize                          = 98566144                                  {product} {ergonomic}
   size_t MarkStackSize                            = 4194304                                   {product} {ergonomic}
   size_t MaxHeapSize                              = 2147483648                                {product} {command line}
   size_t MaxNewSize                               = 1287651328                                {product} {ergonomic}
   size_t MinHeapDeltaBytes                        = 1048576                                   {product} {ergonomic}
   size_t MinHeapSize                              = 8388608                                   {product} {ergonomic}
    uintx NonNMethodCodeHeapSize                   = 5839372                                {pd product} {ergonomic}
    uintx NonProfiledCodeHeapSize                  = 122909434                              {pd product} {ergonomic}
    uintx ProfiledCodeHeapSize                     = 122909434                              {pd product} {ergonomic}
    uintx ReservedCodeCacheSize                    = 251658240                              {pd product} {ergonomic}
     bool SegmentedCodeCache                       = true                                      {product} {ergonomic}
   size_t SoftMaxHeapSize                          = 2147483648                             {manageable} {ergonomic}
     bool UseCompressedOops                        = true                           {product lp64_product} {ergonomic}
     bool UseG1GC                                  = true                                      {product} {ergonomic}
     bool UseLargePagesIndividualAllocation        = false                                  {pd product} {ergonomic}

Logging:
Log output configuration:
 #0: stdout all=warning uptime,level,tags foldmultilines=false
 #1: stderr all=off uptime,level,tags foldmultilines=false

Environment Variables:
CLASSPATH=C:\Program Files\Java\jdk-17\bin;.;
PATH=C:\Program Files\Python313\Scripts\;C:\Program Files\Python313\;C:\Windows\system32;C:\Windows;C:\Windows\System32\Wbem;C:\Windows\System32\WindowsPowerShell\v1.0\;C:\Windows\System32\OpenSSH\;C:\Program Files\MySQL\MySQL Shell 8.0\bin\;C:\Users\kasth\AppData\Local\Microsoft\WindowsApps;C:\Users\kasth\AppData\Local\Programs\Microsoft VS Code\bin;C:\Program Files\JetBrains\IntelliJ IDEA 2024.3\bin;
USERNAME=kasth
OS=Windows_NT
PROCESSOR_IDENTIFIER=AMD64 Family 23 Model 104 Stepping 1, AuthenticAMD
TMP=C:\Users\kasth\AppData\Local\Temp
TEMP=C:\Users\kasth\AppData\Local\Temp




Periodic native trim disabled

JNI global refs:
JNI global refs: 23, weak refs: 0

JNI global refs memory usage: 835, weak refs: 833

Process memory usage:
Resident Set Size: 166096K (2% of 6133188K total physical memory with 177312K free physical memory)

OOME stack traces (most recent first):
Classloader memory used:
Loader bootstrap                                                                       : 16071K
Loader org.gradle.internal.classloader.VisitableURLClassLoader                         : 9406K
Loader org.gradle.initialization.MixInLegacyTypesClassLoader                           : 705K
Loader jdk.internal.loader.ClassLoaders$AppClassLoader                                 : 230K
Loader jdk.internal.loader.ClassLoaders$PlatformClassLoader                            : 134K

Classes loaded by more than one classloader:
Class org.gradle.internal.classloader.FilteringClassLoader                            : loaded 2 times (x 102B)
Class org.gradle.internal.classloader.ClassLoaderHierarchy                            : loaded 2 times (x 67B)
Class org.gradle.api.internal.classpath.ManifestUtil                                  : loaded 2 times (x 68B)
Class org.gradle.internal.classloader.DefaultClassLoaderFactory                       : loaded 2 times (x 79B)
Class org.gradle.internal.classloader.ClassLoaderVisitor                              : loaded 2 times (x 73B)
Class org.gradle.api.internal.classpath.EffectiveClassPath                            : loaded 2 times (x 87B)
Class org.gradle.api.internal.DefaultClassPathProvider                                : loaded 2 times (x 73B)
Class [Lorg.gradle.api.internal.ClassPathProvider;                                    : loaded 2 times (x 66B)
Class org.gradle.api.internal.ClassPathProvider                                       : loaded 2 times (x 67B)
Class org.gradle.internal.service.UnknownServiceException                             : loaded 2 times (x 80B)
Class org.gradle.internal.classpath.TransformedClassPath                              : loaded 2 times (x 93B)
Class org.gradle.internal.service.ServiceLocator                                      : loaded 2 times (x 67B)
Class org.gradle.internal.InternalTransformer                                         : loaded 2 times (x 67B)
Class org.gradle.internal.classloader.ClasspathUtil$1                                 : loaded 2 times (x 73B)
Class org.gradle.api.internal.classpath.DefaultModuleRegistry$DefaultModule           : loaded 2 times (x 83B)
Class org.gradle.api.internal.classpath.Module                                        : loaded 2 times (x 67B)
Class org.gradle.api.internal.classpath.UnknownModuleException                        : loaded 2 times (x 79B)
Class org.gradle.api.internal.DefaultClassPathRegistry                                : loaded 2 times (x 73B)
Class org.gradle.api.internal.ClassPathRegistry                                       : loaded 2 times (x 67B)
Class org.gradle.internal.classpath.DefaultClassPath$ImmutableUniqueList              : loaded 2 times (x 196B)
Class org.gradle.internal.classpath.ClassPath                                         : loaded 2 times (x 67B)
Class org.gradle.api.UncheckedIOException                                             : loaded 2 times (x 79B)
Class org.gradle.internal.installation.GradleInstallation$1                           : loaded 2 times (x 72B)
Class org.gradle.api.internal.classpath.ModuleRegistry                                : loaded 2 times (x 67B)
Class org.gradle.api.internal.classpath.DefaultModuleRegistry                         : loaded 2 times (x 80B)
Class org.gradle.internal.service.ServiceLookupException                              : loaded 2 times (x 79B)
Class org.gradle.internal.classloader.ClassLoaderFactory                              : loaded 2 times (x 67B)
Class org.gradle.internal.service.CachingServiceLocator                               : loaded 2 times (x 79B)
Class org.gradle.internal.classloader.ClasspathUtil                                   : loaded 2 times (x 68B)
Class org.gradle.api.specs.Spec                                                       : loaded 2 times (x 67B)
Class org.gradle.internal.classloader.VisitableURLClassLoader$InstrumentingVisitableURLClassLoader: loaded 2 times (x 120B)
Class org.gradle.internal.classloader.VisitableURLClassLoader$Spec                    : loaded 2 times (x 71B)
Class org.gradle.internal.classpath.DefaultClassPath                                  : loaded 2 times (x 87B)
Class org.gradle.internal.classloader.ClassLoaderSpec                                 : loaded 2 times (x 68B)
Class org.gradle.internal.classloader.VisitableURLClassLoader                         : loaded 2 times (x 114B)
Class org.gradle.internal.Cast                                                        : loaded 2 times (x 68B)
Class org.gradle.api.Action                                                           : loaded 2 times (x 67B)
Class org.gradle.internal.agents.InstrumentingClassLoader                             : loaded 2 times (x 67B)
Class org.gradle.internal.classpath.DefaultClassPath$ImmutableUniqueList$Builder      : loaded 2 times (x 72B)
Class org.gradle.api.GradleException                                                  : loaded 2 times (x 79B)
Class org.gradle.internal.IoActions                                                   : loaded 2 times (x 68B)
Class org.gradle.internal.classloader.SystemClassLoaderSpec                           : loaded 2 times (x 68B)
Class org.gradle.internal.installation.CurrentGradleInstallationLocator               : loaded 2 times (x 68B)
Class org.gradle.internal.service.DefaultServiceLocator                               : loaded 2 times (x 80B)
Class org.gradle.internal.installation.CurrentGradleInstallation                      : loaded 2 times (x 70B)
Class org.gradle.util.internal.GUtil                                                  : loaded 2 times (x 68B)
Class org.gradle.internal.installation.GradleInstallation                             : loaded 2 times (x 72B)

---------------  S Y S T E M  ---------------

OS:
 Windows 11 , 64 bit Build 22621 (10.0.22621.3958)
OS uptime: 2 days 23:28 hours
Hyper-V role detected

CPU: total 12 (initial active 12) (12 cores per cpu, 2 threads per core) family 23 model 104 stepping 1 microcode 0x0, cx8, cmov, fxsr, ht, mmx, 3dnowpref, sse, sse2, sse3, ssse3, sse4a, sse4.1, sse4.2, popcnt, lzcnt, tsc, tscinvbit, avx, avx2, aes, clmul, bmi1, bmi2, adx, sha, fma, vzeroupper, clflush, clflushopt, hv, rdtscp, rdpid, f16c
Processor Information for processor 0
  Max Mhz: 2100, Current Mhz: 1813, Mhz Limit: 2100
Processor Information for processor 1
  Max Mhz: 2100, Current Mhz: 2100, Mhz Limit: 2100
Processor Information for processor 2
  Max Mhz: 2100, Current Mhz: 2100, Mhz Limit: 2100
Processor Information for processor 3
  Max Mhz: 2100, Current Mhz: 1813, Mhz Limit: 2100
Processor Information for processor 4
  Max Mhz: 2100, Current Mhz: 2100, Mhz Limit: 2100
Processor Information for processor 5
  Max Mhz: 2100, Current Mhz: 1813, Mhz Limit: 2100
Processor Information for processor 6
  Max Mhz: 2100, Current Mhz: 2100, Mhz Limit: 2100
Processor Information for processor 7
  Max Mhz: 2100, Current Mhz: 1813, Mhz Limit: 2100
Processor Information for processor 8
  Max Mhz: 2100, Current Mhz: 2100, Mhz Limit: 2100
Processor Information for processor 9
  Max Mhz: 2100, Current Mhz: 1813, Mhz Limit: 2100
Processor Information for processor 10
  Max Mhz: 2100, Current Mhz: 1813, Mhz Limit: 2100
Processor Information for processor 11
  Max Mhz: 2100, Current Mhz: 2100, Mhz Limit: 2100

Memory: 4k page, system-wide physical 5989M (175M free)
TotalPageFile size 24421M (AvailPageFile size 5M)
current process WorkingSet (physical memory assigned to process): 162M, peak: 163M
current process commit charge ("private bytes"): 219M, peak: 223M

vm_info: OpenJDK 64-Bit Server VM (21.0.3+-12282718-b509.11) for windows-amd64 JRE (21.0.3+-12282718-b509.11), built on 2024-08-27T17:34:15Z by "builder" with MS VC++ 16.10 / 16.11 (VS2019)

END.
